Arguments: 
  C:\Program Files\nodejs\node.exe C:\Users\User\AppData\Roaming\npm\node_modules\yarn\bin\yarn.js add express @types/express cors ts-node axios graphql express-grapql

PATH: 
  C:\oraclexe\app\oracle\product\11.2.0\server\bin;C:\Program Files\Python39\Scripts\;C:\Program Files\Python39\;C:\Program Files\Common Files\Oracle\Java\javapath;C:\WINDOWS\system32;C:\WINDOWS;C:\WINDOWS\System32\Wbem;C:\WINDOWS\System32\WindowsPowerShell\v1.0\;C:\WINDOWS\System32\OpenSSH\;C:\MinGW\bin;C:\Program Files\Java\jdk-15.0.1\bin;C:\Program Files\Genymobile\Genymotion\tools;C:\Users\User\AppData\Roaming\Python\Python39\Scripts;E:\flutter\bin;E:\Android\platform-tools;C:\Program Files\Git\cmd;C:\Program Files\nodejs\;E:\kotlin\kotlinc\bin;C:\Users\User\AppData\Local\Microsoft\WindowsApps;C:\Program Files\heroku\bin;C:\Program Files\JetBrains\WebStorm 2019.2\bin;C:\Users\User\AppData\Local\GitHubDesktop\bin;C:\Users\User\AppData\Local\Programs\Microsoft VS Code\bin;E:\Android\platform-tools;;C:\Users\User\AppData\Local\Microsoft\WindowsApps;E:\PHP\php;C:\Users\User\AppData\Local\ComposerSetup\bin;C:\Users\User\AppData\Roaming\Composer\vendor\bin;C:\Users\User\AppData\Roaming\npm

Yarn version: 
  1.22.10

Node version: 
  16.13.0

Platform: 
  win32 x64

Trace: 
  Error: https://registry.yarnpkg.com/express-grapql: Not found
      at Request.params.callback [as _callback] (C:\Users\User\AppData\Roaming\npm\node_modules\yarn\lib\cli.js:66988:18)
      at Request.self.callback (C:\Users\User\AppData\Roaming\npm\node_modules\yarn\lib\cli.js:140662:22)
      at Request.emit (node:events:390:28)
      at Request.<anonymous> (C:\Users\User\AppData\Roaming\npm\node_modules\yarn\lib\cli.js:141634:10)
      at Request.emit (node:events:390:28)
      at IncomingMessage.<anonymous> (C:\Users\User\AppData\Roaming\npm\node_modules\yarn\lib\cli.js:141556:12)
      at Object.onceWrapper (node:events:509:28)
      at IncomingMessage.emit (node:events:402:35)
      at endReadableNT (node:internal/streams/readable:1343:12)
      at processTicksAndRejections (node:internal/process/task_queues:83:21)

npm manifest: 
  {
    "dependencies": {
      "typescript": "^4.5.2"
    }
  }

yarn manifest: 
  No manifest

Lockfile: 
  # THIS IS AN AUTOGENERATED FILE. DO NOT EDIT THIS FILE DIRECTLY.
  # yarn lockfile v1
  
  
  typescript@^4.5.2:
    version "4.5.2"
    resolved "https://registry.yarnpkg.com/typescript/-/typescript-4.5.2.tgz#8ac1fba9f52256fdb06fb89e4122fa6a346c2998"
    integrity sha512-5BlMof9H1yGt0P8/WF+wPNw6GfctgGjXp5hkblpyT+8rkASSmkUKMXrxR0Xg8ThVCi/JnHQiKXeBaEwCeQwMFw==
